<?xml version="1.0" encoding="UTF-8"?>
<!-- Generated by org.testng.reporters.JUnitXMLReporter -->
<testsuite ignored="0" hostname="LKCONUPEIRIS03" failures="0" tests="10" name="Test" time="32.984" errors="0" timestamp="2021-12-11T10:29:10 IST">
  <testcase classname="GAPSTAR.TestDropDown" name="loadUrl" time="6.044"/>
  <testcase classname="GAPSTAR.TestDropDown" name="testDropDownPage" time="0.892"/>
  <testcase classname="GAPSTAR.TestCheckBox" name="loadUrl" time="5.369"/>
  <testcase classname="GAPSTAR.TestCheckBox" name="testCheckBoxPage" time="0.904"/>
  <testcase classname="GAPSTAR.TestMultipleWindow" name="loadUrl" time="4.988"/>
  <testcase classname="GAPSTAR.TestMultipleWindow" name="testMultipleWindowPage" time="1.232"/>
  <testcase classname="GAPSTAR.TestHovers" name="loadUrl" time="5.239"/>
  <testcase classname="GAPSTAR.TestHovers" name="testHoverPage" time="1.378"/>
  <testcase classname="GAPSTAR.TestKeyPress" name="loadUrl" time="4.837"/>
  <testcase classname="GAPSTAR.TestKeyPress" name="testCheckBoxPage" time="2.034"/>
</testsuite> <!-- Test -->
