<?xml version="1.0" encoding="UTF-8"?>
<!-- Generated by org.testng.reporters.JUnitXMLReporter -->
<testsuite ignored="0" hostname="LKCONUPEIRIS03" failures="0" tests="10" name="Test" time="29.046" errors="0" timestamp="2021-12-11T12:02:58 IST">
  <testcase classname="GAPSTAR.TestDropDown" name="loadUrl" time="5.845"/>
  <testcase classname="GAPSTAR.TestDropDown" name="testDropDownPage" time="0.598"/>
  <testcase classname="GAPSTAR.TestCheckBox" name="loadUrl" time="4.663"/>
  <testcase classname="GAPSTAR.TestCheckBox" name="testCheckBoxPage" time="0.629"/>
  <testcase classname="GAPSTAR.TestMultipleWindow" name="loadUrl" time="4.882"/>
  <testcase classname="GAPSTAR.TestMultipleWindow" name="testMultipleWindowPage" time="0.923"/>
  <testcase classname="GAPSTAR.TestHovers" name="loadUrl" time="4.632"/>
  <testcase classname="GAPSTAR.TestHovers" name="testHoverPage" time="1.576"/>
  <testcase classname="GAPSTAR.TestKeyPress" name="loadUrl" time="4.501"/>
  <testcase classname="GAPSTAR.TestKeyPress" name="testCheckBoxPage" time="0.742"/>
</testsuite> <!-- Test -->
