<?xml version="1.0" encoding="UTF-8"?>
<testng-results ignored="0" total="10" passed="10" failed="0" skipped="0">
  <reporter-output>
  </reporter-output>
  <suite started-at="2021-12-11T10:28:37 IST" name="Suite" finished-at="2021-12-11T10:29:10 IST" duration-ms="32984">
    <groups>
    </groups>
    <test started-at="2021-12-11T10:28:37 IST" name="Test" finished-at="2021-12-11T10:29:10 IST" duration-ms="32984">
      <class name="GAPSTAR.TestHovers">
        <test-method signature="loadUrl()[pri:0, instance:GAPSTAR.TestHovers@4d0f2471]" started-at="2021-12-11T10:28:57 IST" name="loadUrl" finished-at="2021-12-11T10:29:02 IST" duration-ms="5239" status="PASS">
          <reporter-output>
          </reporter-output>
        </test-method> <!-- loadUrl -->
        <test-method signature="testHoverPage()[pri:0, instance:GAPSTAR.TestHovers@4d0f2471]" started-at="2021-12-11T10:29:02 IST" name="testHoverPage" finished-at="2021-12-11T10:29:03 IST" duration-ms="1378" status="PASS">
          <reporter-output>
          </reporter-output>
        </test-method> <!-- testHoverPage -->
      </class> <!-- GAPSTAR.TestHovers -->
      <class name="GAPSTAR.TestMultipleWindow">
        <test-method signature="loadUrl()[pri:0, instance:GAPSTAR.TestMultipleWindow@53fdffa1]" started-at="2021-12-11T10:28:50 IST" name="loadUrl" finished-at="2021-12-11T10:28:55 IST" duration-ms="4988" status="PASS">
          <reporter-output>
          </reporter-output>
        </test-method> <!-- loadUrl -->
        <test-method signature="testMultipleWindowPage()[pri:0, instance:GAPSTAR.TestMultipleWindow@53fdffa1]" started-at="2021-12-11T10:28:55 IST" name="testMultipleWindowPage" finished-at="2021-12-11T10:28:57 IST" duration-ms="1232" status="PASS">
          <reporter-output>
          </reporter-output>
        </test-method> <!-- testMultipleWindowPage -->
      </class> <!-- GAPSTAR.TestMultipleWindow -->
      <class name="GAPSTAR.TestCheckBox">
        <test-method signature="loadUrl()[pri:0, instance:GAPSTAR.TestCheckBox@4d465b11]" started-at="2021-12-11T10:28:44 IST" name="loadUrl" finished-at="2021-12-11T10:28:50 IST" duration-ms="5369" status="PASS">
          <reporter-output>
          </reporter-output>
        </test-method> <!-- loadUrl -->
        <test-method signature="testCheckBoxPage()[pri:0, instance:GAPSTAR.TestCheckBox@4d465b11]" started-at="2021-12-11T10:28:50 IST" name="testCheckBoxPage" finished-at="2021-12-11T10:28:50 IST" duration-ms="904" status="PASS">
          <reporter-output>
          </reporter-output>
        </test-method> <!-- testCheckBoxPage -->
      </class> <!-- GAPSTAR.TestCheckBox -->
      <class name="GAPSTAR.TestKeyPress">
        <test-method signature="loadUrl()[pri:0, instance:GAPSTAR.TestKeyPress@7133da86]" started-at="2021-12-11T10:29:03 IST" name="loadUrl" finished-at="2021-12-11T10:29:08 IST" duration-ms="4837" status="PASS">
          <reporter-output>
          </reporter-output>
        </test-method> <!-- loadUrl -->
        <test-method signature="testCheckBoxPage()[pri:0, instance:GAPSTAR.TestKeyPress@7133da86]" started-at="2021-12-11T10:29:08 IST" name="testCheckBoxPage" finished-at="2021-12-11T10:29:10 IST" duration-ms="2034" status="PASS">
          <reporter-output>
          </reporter-output>
        </test-method> <!-- testCheckBoxPage -->
      </class> <!-- GAPSTAR.TestKeyPress -->
      <class name="GAPSTAR.TestDropDown">
        <test-method signature="loadUrl()[pri:0, instance:GAPSTAR.TestDropDown@49c7b90e]" started-at="2021-12-11T10:28:37 IST" name="loadUrl" finished-at="2021-12-11T10:28:43 IST" duration-ms="6044" status="PASS">
          <reporter-output>
          </reporter-output>
        </test-method> <!-- loadUrl -->
        <test-method signature="testDropDownPage()[pri:0, instance:GAPSTAR.TestDropDown@49c7b90e]" started-at="2021-12-11T10:28:43 IST" name="testDropDownPage" finished-at="2021-12-11T10:28:44 IST" duration-ms="892" status="PASS">
          <reporter-output>
          </reporter-output>
        </test-method> <!-- testDropDownPage -->
      </class> <!-- GAPSTAR.TestDropDown -->
    </test> <!-- Test -->
  </suite> <!-- Suite -->
</testng-results>
