<?xml version="1.0" encoding="UTF-8"?>
<testng-results ignored="0" total="10" passed="10" failed="0" skipped="0">
  <reporter-output>
  </reporter-output>
  <suite started-at="2021-12-11T12:02:29 IST" name="Suite" finished-at="2021-12-11T12:02:58 IST" duration-ms="29046">
    <groups>
    </groups>
    <test started-at="2021-12-11T12:02:29 IST" name="Test" finished-at="2021-12-11T12:02:58 IST" duration-ms="29046">
      <class name="GAPSTAR.TestMultipleWindow">
        <test-method signature="loadUrl()[pri:0, instance:GAPSTAR.TestMultipleWindow@53fdffa1]" started-at="2021-12-11T12:02:41 IST" name="loadUrl" finished-at="2021-12-11T12:02:46 IST" duration-ms="4882" status="PASS">
          <reporter-output>
          </reporter-output>
        </test-method> <!-- loadUrl -->
        <test-method signature="testMultipleWindowPage()[pri:0, instance:GAPSTAR.TestMultipleWindow@53fdffa1]" started-at="2021-12-11T12:02:46 IST" name="testMultipleWindowPage" finished-at="2021-12-11T12:02:47 IST" duration-ms="923" status="PASS">
          <reporter-output>
          </reporter-output>
        </test-method> <!-- testMultipleWindowPage -->
      </class> <!-- GAPSTAR.TestMultipleWindow -->
      <class name="GAPSTAR.TestHovers">
        <test-method signature="loadUrl()[pri:0, instance:GAPSTAR.TestHovers@4d0f2471]" started-at="2021-12-11T12:02:47 IST" name="loadUrl" finished-at="2021-12-11T12:02:51 IST" duration-ms="4632" status="PASS">
          <reporter-output>
          </reporter-output>
        </test-method> <!-- loadUrl -->
        <test-method signature="testHoverPage()[pri:0, instance:GAPSTAR.TestHovers@4d0f2471]" started-at="2021-12-11T12:02:51 IST" name="testHoverPage" finished-at="2021-12-11T12:02:53 IST" duration-ms="1576" status="PASS">
          <reporter-output>
          </reporter-output>
        </test-method> <!-- testHoverPage -->
      </class> <!-- GAPSTAR.TestHovers -->
      <class name="GAPSTAR.TestCheckBox">
        <test-method signature="loadUrl()[pri:0, instance:GAPSTAR.TestCheckBox@4d465b11]" started-at="2021-12-11T12:02:36 IST" name="loadUrl" finished-at="2021-12-11T12:02:40 IST" duration-ms="4663" status="PASS">
          <reporter-output>
          </reporter-output>
        </test-method> <!-- loadUrl -->
        <test-method signature="testCheckBoxPage()[pri:0, instance:GAPSTAR.TestCheckBox@4d465b11]" started-at="2021-12-11T12:02:40 IST" name="testCheckBoxPage" finished-at="2021-12-11T12:02:41 IST" duration-ms="629" status="PASS">
          <reporter-output>
          </reporter-output>
        </test-method> <!-- testCheckBoxPage -->
      </class> <!-- GAPSTAR.TestCheckBox -->
      <class name="GAPSTAR.TestKeyPress">
        <test-method signature="loadUrl()[pri:0, instance:GAPSTAR.TestKeyPress@7133da86]" started-at="2021-12-11T12:02:53 IST" name="loadUrl" finished-at="2021-12-11T12:02:57 IST" duration-ms="4501" status="PASS">
          <reporter-output>
          </reporter-output>
        </test-method> <!-- loadUrl -->
        <test-method signature="testCheckBoxPage()[pri:0, instance:GAPSTAR.TestKeyPress@7133da86]" started-at="2021-12-11T12:02:57 IST" name="testCheckBoxPage" finished-at="2021-12-11T12:02:58 IST" duration-ms="742" status="PASS">
          <reporter-output>
          </reporter-output>
        </test-method> <!-- testCheckBoxPage -->
      </class> <!-- GAPSTAR.TestKeyPress -->
      <class name="GAPSTAR.TestDropDown">
        <test-method signature="loadUrl()[pri:0, instance:GAPSTAR.TestDropDown@49c7b90e]" started-at="2021-12-11T12:02:29 IST" name="loadUrl" finished-at="2021-12-11T12:02:35 IST" duration-ms="5845" status="PASS">
          <reporter-output>
          </reporter-output>
        </test-method> <!-- loadUrl -->
        <test-method signature="testDropDownPage()[pri:0, instance:GAPSTAR.TestDropDown@49c7b90e]" started-at="2021-12-11T12:02:35 IST" name="testDropDownPage" finished-at="2021-12-11T12:02:36 IST" duration-ms="598" status="PASS">
          <reporter-output>
          </reporter-output>
        </test-method> <!-- testDropDownPage -->
      </class> <!-- GAPSTAR.TestDropDown -->
    </test> <!-- Test -->
  </suite> <!-- Suite -->
</testng-results>
